<?xml version="1.0" encoding="UTF-8"?>
<!-- Generated by org.testng.reporters.JUnitXMLReporter -->
<testsuite ignored="0" hostname="MOT-32333-L" failures="0" tests="3" name="Edge" time="0.29" errors="0" timestamp="2025-10-30T11:41:13 IST">
  <testcase classname="nadeem.edge" name="test1" time="0.0">
    <skipped/>
  </testcase> <!-- test1 -->
  <testcase classname="nadeem.edge" name="test2" time="0.0">
    <skipped/>
  </testcase> <!-- test2 -->
  <testcase classname="nadeem.edge" name="Ios" time="0.0">
    <skipped/>
  </testcase> <!-- Ios -->
</testsuite> <!-- Edge -->
