<?xml version="1.0" encoding="UTF-8"?>
<testng-results ignored="0" total="2" passed="2" failed="0" skipped="0">
  <reporter-output>
  </reporter-output>
  <suite started-at="2025-09-18T13:08:20 IST" name="Default suite" finished-at="2025-09-18T13:10:32 IST" duration-ms="131695">
    <groups>
      <group name="cucumber">
        <method signature="AbstractTestNGCucumberTests.runScenario(io.cucumber.testng.PickleWrapper,io.cucumber.testng.FeatureWrapper)[pri:0, instance:stepDefs.GetQSD@58ea606c]" name="runScenario" class="io.cucumber.testng.AbstractTestNGCucumberTests"/>
      </group> <!-- cucumber -->
    </groups>
    <test started-at="2025-09-18T13:08:20 IST" name="Default test" finished-at="2025-09-18T13:10:32 IST" duration-ms="131695">
      <class name="stepDefs.GetQSD">
        <test-method is-config="true" signature="setUpClass(org.testng.ITestContext)[pri:0, instance:stepDefs.GetQSD@58ea606c]" started-at="2025-09-18T13:08:20 IST" name="setUpClass" finished-at="2025-09-18T13:08:21 IST" duration-ms="712" status="PASS">
          <params>
            <param index="0">
              <value>
                <![CDATA[org.testng.TestRunner@526b2f3e]]>
              </value>
            </param>
          </params>
          <reporter-output>
          </reporter-output>
        </test-method> <!-- setUpClass -->
        <test-method signature="runScenario(io.cucumber.testng.PickleWrapper,io.cucumber.testng.FeatureWrapper)[pri:0, instance:stepDefs.GetQSD@58ea606c]" started-at="2025-09-18T13:08:21 IST" name="runScenario" description="Runs Cucumber Scenarios" data-provider="scenarios" finished-at="2025-09-18T13:10:03 IST" duration-ms="102286" status="PASS">
          <params>
            <param index="0">
              <value>
                <![CDATA["sanity test of application"]]>
              </value>
            </param>
            <param index="1">
              <value>
                <![CDATA["Launch and login app"]]>
              </value>
            </param>
          </params>
          <reporter-output>
          </reporter-output>
        </test-method> <!-- runScenario -->
        <test-method signature="runScenario(io.cucumber.testng.PickleWrapper,io.cucumber.testng.FeatureWrapper)[pri:0, instance:stepDefs.GetQSD@58ea606c]" started-at="2025-09-18T13:10:03 IST" name="runScenario" description="Runs Cucumber Scenarios" data-provider="scenarios" finished-at="2025-09-18T13:10:32 IST" duration-ms="28630" status="PASS">
          <params>
            <param index="0">
              <value>
                <![CDATA["Regression test of application"]]>
              </value>
            </param>
            <param index="1">
              <value>
                <![CDATA["Launch and login app"]]>
              </value>
            </param>
          </params>
          <reporter-output>
          </reporter-output>
        </test-method> <!-- runScenario -->
        <test-method is-config="true" signature="tearDownClass()[pri:0, instance:stepDefs.GetQSD@58ea606c]" started-at="2025-09-18T13:10:32 IST" name="tearDownClass" finished-at="2025-09-18T13:10:32 IST" duration-ms="22" status="PASS">
          <reporter-output>
          </reporter-output>
        </test-method> <!-- tearDownClass -->
      </class> <!-- stepDefs.GetQSD -->
    </test> <!-- Default test -->
  </suite> <!-- Default suite -->
</testng-results>
