<?xml version="1.0" encoding="UTF-8"?>
<testng-results ignored="0" total="3" passed="3" failed="0" skipped="0">
  <reporter-output>
    <line>
      <![CDATA[<h3>Test Results frome chrome II</h3><table border='1' style='border-collapse: collapse; width: 75%; text-align: center;'><tr><th>Sr. No</th><th>Test Case</th><th>Status</th><th>Time Taken (ms)</th></tr><tr><td>1</td><td>This is test 1</td><td style='background-color: green;color: white; font-weight: bold;'>Pass</td><td>1000</td></tr><tr><td>2</td><td>This is test 2</td><td style='background-color: green;color: white; font-weight: bold;'>Pass</td><td>1000</td></tr><tr><td>3</td><td>This is test 3</td><td style='background-color: red;color: white; font-weight: bold;'>Fail</td><td>1000</td></tr></table>]]>
    </line>
  </reporter-output>
  <suite started-at="2025-10-28T20:30:00 IST" name="Default suite" finished-at="2025-10-28T20:30:11 IST" duration-ms="10943">
    <groups>
    </groups>
    <test started-at="2025-10-28T20:30:00 IST" name="Default test" finished-at="2025-10-28T20:30:11 IST" duration-ms="10943">
      <class name="nadeem.chromeII">
        <test-method is-config="true" signature="launchandroid()[pri:0, instance:nadeem.chromeII@6236eb5f]" started-at="2025-10-28T20:30:00 IST" name="launchandroid" finished-at="2025-10-28T20:30:11 IST" duration-ms="10558" status="PASS">
          <reporter-output>
          </reporter-output>
        </test-method> <!-- launchandroid -->
        <test-method is-config="true" signature="reportTableStart()[pri:0, instance:nadeem.chromeII@6236eb5f]" started-at="2025-10-28T20:30:11 IST" name="reportTableStart" finished-at="2025-10-28T20:30:11 IST" duration-ms="2" status="PASS">
          <reporter-output>
          </reporter-output>
        </test-method> <!-- reportTableStart -->
        <test-method signature="test1()[pri:1, instance:nadeem.chromeII@6236eb5f]" started-at="2025-10-28T20:30:11 IST" name="test1" finished-at="2025-10-28T20:30:11 IST" duration-ms="88" status="PASS">
          <reporter-output>
          </reporter-output>
        </test-method> <!-- test1 -->
        <test-method signature="test2()[pri:2, instance:nadeem.chromeII@6236eb5f]" started-at="2025-10-28T20:30:11 IST" name="test2" finished-at="2025-10-28T20:30:11 IST" duration-ms="8" status="PASS">
          <reporter-output>
          </reporter-output>
        </test-method> <!-- test2 -->
        <test-method signature="Android()[pri:3, instance:nadeem.chromeII@6236eb5f]" started-at="2025-10-28T20:30:11 IST" name="Android" finished-at="2025-10-28T20:30:11 IST" duration-ms="19" status="PASS">
          <reporter-output>
            <line>
              <![CDATA[<h3>Test Results frome chrome II</h3><table border='1' style='border-collapse: collapse; width: 75%; text-align: center;'><tr><th>Sr. No</th><th>Test Case</th><th>Status</th><th>Time Taken (ms)</th></tr><tr><td>1</td><td>This is test 1</td><td style='background-color: green;color: white; font-weight: bold;'>Pass</td><td>1000</td></tr><tr><td>2</td><td>This is test 2</td><td style='background-color: green;color: white; font-weight: bold;'>Pass</td><td>1000</td></tr><tr><td>3</td><td>This is test 3</td><td style='background-color: red;color: white; font-weight: bold;'>Fail</td><td>1000</td></tr></table>]]>
            </line>
          </reporter-output>
        </test-method> <!-- Android -->
        <test-method is-config="true" signature="reportTableEnd()[pri:0, instance:nadeem.chromeII@6236eb5f]" started-at="2025-10-28T20:30:11 IST" name="reportTableEnd" finished-at="2025-10-28T20:30:11 IST" duration-ms="1" status="PASS">
          <reporter-output>
          </reporter-output>
        </test-method> <!-- reportTableEnd -->
      </class> <!-- nadeem.chromeII -->
    </test> <!-- Default test -->
  </suite> <!-- Default suite -->
</testng-results>
