<?xml version="1.0" encoding="UTF-8"?>
<!-- Generated by org.testng.reporters.JUnitXMLReporter -->
<testsuite ignored="0" hostname="MOT-32333-L" failures="0" tests="3" name="BrowserStackIOSTest" time="3.174" errors="0" timestamp="2025-09-24T00:13:53 IST">
  <testcase classname="nadeem.ios" name="test1" time="0.0">
    <skipped/>
  </testcase> <!-- test1 -->
  <testcase classname="nadeem.ios" name="test2" time="0.0">
    <skipped/>
  </testcase> <!-- test2 -->
  <testcase classname="nadeem.ios" name="Ios" time="0.0">
    <skipped/>
  </testcase> <!-- Ios -->
</testsuite> <!-- BrowserStackIOSTest -->
