<?xml version="1.0" encoding="UTF-8"?>
<!-- Generated by org.testng.reporters.JUnitXMLReporter -->
<testsuite ignored="0" hostname="MOT-32333-L" failures="0" tests="1" name="MoTradingTests-Android" time="12.443" errors="0" timestamp="2025-09-23T23:22:12 IST">
  <testcase classname="nadeem.android" name="@BeforeTest launchandroid" time="12.396">
    <failure type="org.openqa.selenium.SessionNotCreatedException" message="Could not start a new session. Response code 500. Message: An unknown server-side error occurred while processing the command. Original error: Could not proxy command to the remote server. Original error: socket hang up 
Host info: host: &amp;apos;MOT-32333-L&amp;apos;, ip: &amp;apos;192.168.1.37&amp;apos;
Build info: version: &amp;apos;4.13.0&amp;apos;, revision: &amp;apos;ba948ece5b*&amp;apos;
System info: os.name: &amp;apos;Windows 11&amp;apos;, os.arch: &amp;apos;amd64&amp;apos;, os.version: &amp;apos;10.0&amp;apos;, java.version: &amp;apos;17.0.11&amp;apos;
Driver info: io.appium.java_client.android.AndroidDriver
Command: [null, newSession {capabilities=[{appium:appActivity=com.mosl.mobile.MainActivity, appium:appPackage=com.mosl.mobile, appium:autoGrantPermissions=true, appium:automationName=UiAutomator2, appium:deviceName=CPH2467, appium:noReset=true, platformName=ANDROID, appium:platformVersion=13, appium:udid=97957054}], desiredCapabilities=Capabilities {appActivity: com.mosl.mobile.MainActivity, appPackage: com.mosl.mobile, autoGrantPermissions: true, automationName: UiAutomator2, deviceName: CPH2467, noReset: true, platformName: ANDROID, platformVersion: 13, udid: 97957054}}]
Capabilities {appActivity: com.mosl.mobile.MainActivity, appPackage: com.mosl.mobile, autoGrantPermissions: true, automationName: UiAutomator2, deviceName: CPH2467, noReset: true, platformName: ANDROID, platformVersion: 13, udid: 97957054}">
      <![CDATA[org.openqa.selenium.SessionNotCreatedException: Could not start a new session. Response code 500. Message: An unknown server-side error occurred while processing the command. Original error: Could not proxy command to the remote server. Original error: socket hang up 
Host info: host: 'MOT-32333-L', ip: '192.168.1.37'
Build info: version: '4.13.0', revision: 'ba948ece5b*'
System info: os.name: 'Windows 11', os.arch: 'amd64', os.version: '10.0', java.version: '17.0.11'
Driver info: io.appium.java_client.android.AndroidDriver
Command: [null, newSession {capabilities=[{appium:appActivity=com.mosl.mobile.MainActivity, appium:appPackage=com.mosl.mobile, appium:autoGrantPermissions=true, appium:automationName=UiAutomator2, appium:deviceName=CPH2467, appium:noReset=true, platformName=ANDROID, appium:platformVersion=13, appium:udid=97957054}], desiredCapabilities=Capabilities {appActivity: com.mosl.mobile.MainActivity, appPackage: com.mosl.mobile, autoGrantPermissions: true, automationName: UiAutomator2, deviceName: CPH2467, noReset: true, platformName: ANDROID, platformVersion: 13, udid: 97957054}}]
Capabilities {appActivity: com.mosl.mobile.MainActivity, appPackage: com.mosl.mobile, autoGrantPermissions: true, automationName: UiAutomator2, deviceName: CPH2467, noReset: true, platformName: ANDROID, platformVersion: 13, udid: 97957054}
at org.openqa.selenium.remote.ProtocolHandshake.createSession(ProtocolHandshake.java:140)
at io.appium.java_client.remote.AppiumProtocolHandshake.createSession(AppiumProtocolHandshake.java:133)
at io.appium.java_client.remote.AppiumProtocolHandshake.createSession(AppiumProtocolHandshake.java:102)
at io.appium.java_client.remote.AppiumCommandExecutor.createSession(AppiumCommandExecutor.java:182)
at io.appium.java_client.remote.AppiumCommandExecutor.execute(AppiumCommandExecutor.java:250)
at org.openqa.selenium.remote.RemoteWebDriver.execute(RemoteWebDriver.java:602)
at io.appium.java_client.AppiumDriver.startSession(AppiumDriver.java:274)
at org.openqa.selenium.remote.RemoteWebDriver.<init>(RemoteWebDriver.java:163)
at io.appium.java_client.AppiumDriver.<init>(AppiumDriver.java:89)
at io.appium.java_client.AppiumDriver.<init>(AppiumDriver.java:101)
at io.appium.java_client.android.AndroidDriver.<init>(AndroidDriver.java:113)
at drivers.DriverFactory.initAndroid(DriverFactory.java:135)
at drivers.DriverFactory.initDriver(DriverFactory.java:68)
at nadeem.android.launchandroid(android.java:16)
at java.base/java.util.concurrent.FutureTask.run(FutureTask.java:264)
at java.base/java.util.concurrent.ThreadPoolExecutor.runWorker(ThreadPoolExecutor.java:1136)
at java.base/java.util.concurrent.ThreadPoolExecutor$Worker.run(ThreadPoolExecutor.java:635)
at java.base/java.lang.Thread.run(Thread.java:840)
... Removed 18 stack frames]]>
    </failure>
  </testcase> <!-- @BeforeTest launchandroid -->
  <testcase classname="nadeem.android" name="mainmethod" time="0.0">
    <skipped/>
  </testcase> <!-- mainmethod -->
</testsuite> <!-- MoTradingTests-Android -->
